Arguments: 
  C:\Program Files\nodejs\node.exe C:\Users\DSFV4380\AppData\Roaming\npm\node_modules\yarn\bin\yarn.js add --dev ts-jest @types/jest

PATH: 
  C:\WINDOWS\system32;C:\WINDOWS;C:\WINDOWS\System32\Wbem;C:\WINDOWS\System32\WindowsPowerShell\v1.0\;C:\WINDOWS\System32\OpenSSH\;C:\Program Files\SafeNet\Authentication\SAC\x64;C:\Program Files\SafeNet\Authentication\SAC\x32;C:\Program Files\nodejs\;C:\Program Files\Git\cmd;C:\ProgramData\chocoportable\bin;C:\Users\DSFV4380\AppData\Local\Microsoft\WindowsApps;C:\Users\DSFV4380\AppData\Roaming\npm;C:\Users\DSFV4380\AppData\Local\Programs\Microsoft VS Code\bin

Yarn version: 
  1.22.19

Node version: 
  16.18.0

Platform: 
  win32 x64

Trace: 
  Error: self signed certificate in certificate chain
      at TLSSocket.onConnectSecure (node:_tls_wrap:1539:34)
      at TLSSocket.emit (node:events:513:28)
      at TLSSocket._finishInit (node:_tls_wrap:953:8)
      at TLSWrap.ssl.onhandshakedone (node:_tls_wrap:734:12)

npm manifest: 
  {
    "name": "Shopeen",
    "version": "1.0.0",
    "private": true,
    "scripts": {
      "build": "rollup -c",
      "dev": "rollup -c -w",
      "start": "sirv public --no-clear",
      "check": "svelte-check --tsconfig ./tsconfig.json",
      "test": "jest"
    },
    "devDependencies": {
      "@rollup/plugin-commonjs": "^17.0.0",
      "@rollup/plugin-node-resolve": "^11.0.0",
      "@rollup/plugin-typescript": "^8.0.0",
      "@tsconfig/svelte": "^2.0.0",
      "eslint": "^8.25.0",
      "jest": "^29.2.2",
      "rollup": "^2.3.4",
      "jquery": "^3.6.1",
      "rollup-plugin-css-only": "^3.1.0",
      "rollup-plugin-livereload": "^2.0.0",
      "rollup-plugin-svelte": "^7.0.0",
      "rollup-plugin-terser": "^7.0.0",
      "svelte": "^3.0.0",
      "svelte-check": "^2.0.0",
      "svelte-preprocess": "^4.0.0",
      "ts-jest": "^29.0.3",
      "tslib": "^2.0.0",
      "typescript": "^4.0.0"
    },
    "dependencies": {
      "@ob1/web" : "~1.16.5",
      "swiper" : "^4.5.0",
      "sirv-cli": "^2.0.0",
      "sweetalert": "^2.1.2"
    }
  }

yarn manifest: 
  No manifest

Lockfile: 
  No lockfile
